2022-07-04 10:30:08,514 - mmseg - INFO - Environment info:
------------------------------------------------------------
sys.platform: win32
Python: 3.7.12 | packaged by conda-forge | (default, Oct 26 2021, 05:35:01) [MSC v.1916 64 bit (AMD64)]
CUDA available: True
GPU 0: NVIDIA GeForce GTX 1050
CUDA_HOME: D:\Program Files\NVIDIA GPU Computing Toolkit\CUDA\v11.0
NVCC: Not Available
GCC: n/a
PyTorch: 1.8.0
PyTorch compiling details: PyTorch built with:
  - C++ Version: 199711
  - MSVC 192829337
  - Intel(R) Math Kernel Library Version 2020.0.0 Product Build 20191125 for Intel(R) 64 architecture applications
  - Intel(R) MKL-DNN v1.7.0 (Git Hash 7aed236906b1f7a05c0917e5257a1af05e9ff683)
  - OpenMP 2019
  - CPU capability usage: AVX2
  - CUDA Runtime 10.2
  - NVCC architecture flags: -gencode;arch=compute_37,code=sm_37;-gencode;arch=compute_50,code=sm_50;-gencode;arch=compute_60,code=sm_60;-gencode;arch=compute_61,code=sm_61;-gencode;arch=compute_70,code=sm_70;-gencode;arch=compute_75,code=sm_75;-gencode;arch=compute_37,code=compute_37
  - CuDNN 7.6.5
  - Magma 2.5.4
  - Build settings: BLAS_INFO=mkl, BUILD_TYPE=Release, CUDA_VERSION=10.2, CUDNN_VERSION=7.6.5, CXX_COMPILER=C:/cb/pytorch_1000000000000/work/tmp_bin/sccache-cl.exe, CXX_FLAGS=/DWIN32 /D_WINDOWS /GR /EHsc /w /bigobj -DUSE_PTHREADPOOL -openmp:experimental -DNDEBUG -DUSE_FBGEMM -DUSE_XNNPACK, LAPACK_INFO=mkl, PERF_WITH_AVX=1, PERF_WITH_AVX2=1, PERF_WITH_AVX512=1, TORCH_VERSION=1.8.0, USE_CUDA=ON, USE_CUDNN=ON, USE_EXCEPTION_PTR=1, USE_GFLAGS=OFF, USE_GLOG=OFF, USE_MKL=ON, USE_MKLDNN=ON, USE_MPI=OFF, USE_NCCL=OFF, USE_NNPACK=OFF, USE_OPENMP=ON, 

TorchVision: 0.9.0
OpenCV: 4.6.0
MMCV: 1.2.3
MMCV Compiler: MSVC 192930136
MMCV CUDA Compiler: 11.0
MMSegmentation: 0.6.0+unknown
------------------------------------------------------------

2022-07-04 10:30:08,514 - mmseg - INFO - Distributed training: False
2022-07-04 10:30:09,804 - mmseg - INFO - Config:
norm_cfg = dict(type='BN', requires_grad=True)
model = dict(
    type='EncoderDecoder',
    backbone=dict(
        type='VIT_BIMLA',
        model_name='vit_large_patch16_384',
        img_size=320,
        patch_size=16,
        in_chans=3,
        embed_dim=1024,
        depth=24,
        num_heads=16,
        num_classes=19,
        drop_rate=0.0,
        norm_cfg=dict(type='BN', requires_grad=True),
        pos_embed_interp=True,
        align_corners=False,
        mla_channels=256,
        mla_index=(5, 11, 17, 23)),
    decode_head=dict(
        type='VIT_BIMLAHead',
        in_channels=1024,
        channels=512,
        img_size=320,
        mla_channels=256,
        mlahead_channels=128,
        num_classes=1,
        norm_cfg=dict(type='BN', requires_grad=True),
        align_corners=False,
        loss_decode=dict(type='HEDLoss', use_sigmoid=True, loss_weight=1.0)),
    auxiliary_head=[
        dict(
            type='VIT_BIMLA_AUXIHead',
            in_channels=256,
            channels=512,
            in_index=0,
            img_size=320,
            num_classes=1,
            align_corners=False,
            loss_decode=dict(
                type='HEDLoss', use_sigmoid=True, loss_weight=0.4)),
        dict(
            type='VIT_BIMLA_AUXIHead',
            in_channels=256,
            channels=512,
            in_index=1,
            img_size=320,
            num_classes=1,
            align_corners=False,
            loss_decode=dict(
                type='HEDLoss', use_sigmoid=True, loss_weight=0.4)),
        dict(
            type='VIT_BIMLA_AUXIHead',
            in_channels=256,
            channels=512,
            in_index=2,
            img_size=320,
            num_classes=1,
            align_corners=False,
            loss_decode=dict(
                type='HEDLoss', use_sigmoid=True, loss_weight=0.4)),
        dict(
            type='VIT_BIMLA_AUXIHead',
            in_channels=256,
            channels=512,
            in_index=3,
            img_size=320,
            num_classes=1,
            align_corners=False,
            loss_decode=dict(
                type='HEDLoss', use_sigmoid=True, loss_weight=0.4)),
        dict(
            type='VIT_BIMLA_AUXIHead',
            in_channels=256,
            channels=512,
            in_index=4,
            img_size=320,
            num_classes=1,
            align_corners=False,
            loss_decode=dict(
                type='HEDLoss', use_sigmoid=True, loss_weight=0.4)),
        dict(
            type='VIT_BIMLA_AUXIHead',
            in_channels=256,
            channels=512,
            in_index=5,
            img_size=320,
            num_classes=1,
            align_corners=False,
            loss_decode=dict(
                type='HEDLoss', use_sigmoid=True, loss_weight=0.4)),
        dict(
            type='VIT_BIMLA_AUXIHead',
            in_channels=256,
            channels=512,
            in_index=6,
            img_size=320,
            num_classes=1,
            align_corners=False,
            loss_decode=dict(
                type='HEDLoss', use_sigmoid=True, loss_weight=0.4)),
        dict(
            type='VIT_BIMLA_AUXIHead',
            in_channels=256,
            channels=512,
            in_index=7,
            img_size=320,
            num_classes=1,
            align_corners=False,
            loss_decode=dict(
                type='HEDLoss', use_sigmoid=True, loss_weight=0.4))
    ])
train_cfg = dict()
test_cfg = dict(mode='slide', crop_size=(320, 320), stride=(280, 280))
dataset_type = 'BSDSDataset'
data_root = '../data/BSDS'
img_norm_cfg = dict(
    mean=[0.485, 0.456, 0.406], std=[0.229, 0.224, 0.225], to_rgb=True)
crop_size = (320, 320)
train_pipeline = [
    dict(type='LoadImageFromFile'),
    dict(type='LoadAnnotations'),
    dict(type='RandomCropTrain', crop_size=(320, 320), cat_max_ratio=0.75),
    dict(type='PadBSDS', size=(320, 320), pad_val=0, seg_pad_val=255),
    dict(
        type='NormalizeBSDS',
        mean=[0.485, 0.456, 0.406],
        std=[0.229, 0.224, 0.225],
        to_rgb=True),
    dict(type='Collect', keys=['img', 'gt_semantic_seg'])
]
test_pipeline = [
    dict(type='LoadImageFromFile'),
    dict(
        type='MultiScaleFlipAug',
        img_scale=(2048, 320),
        flip=False,
        transforms=[
            dict(
                type='NormalizeBSDSTest',
                mean=[0.485, 0.456, 0.406],
                std=[0.229, 0.224, 0.225],
                to_rgb=True),
            dict(type='Collect', keys=['img'])
        ])
]
data = dict(
    samples_per_gpu=1,
    workers_per_gpu=4,
    train=dict(
        type='BSDSDataset',
        data_root='../data/BSDS',
        img_dir='',
        ann_dir='',
        split='ImageSets/train_pair.txt',
        pipeline=[
            dict(type='LoadImageFromFile'),
            dict(type='LoadAnnotations'),
            dict(
                type='RandomCropTrain',
                crop_size=(320, 320),
                cat_max_ratio=0.75),
            dict(type='PadBSDS', size=(320, 320), pad_val=0, seg_pad_val=255),
            dict(
                type='NormalizeBSDS',
                mean=[0.485, 0.456, 0.406],
                std=[0.229, 0.224, 0.225],
                to_rgb=True),
            dict(type='Collect', keys=['img', 'gt_semantic_seg'])
        ]),
    val=dict(
        type='BSDSDataset',
        data_root='../data/BSDS',
        img_dir='',
        ann_dir='',
        split='ImageSets/test.txt',
        pipeline=[
            dict(type='LoadImageFromFile'),
            dict(
                type='MultiScaleFlipAug',
                img_scale=(2048, 320),
                flip=False,
                transforms=[
                    dict(
                        type='NormalizeBSDSTest',
                        mean=[0.485, 0.456, 0.406],
                        std=[0.229, 0.224, 0.225],
                        to_rgb=True),
                    dict(type='Collect', keys=['img'])
                ])
        ]),
    test=dict(
        type='BSDSDataset',
        data_root='../data/BSDS',
        img_dir='',
        ann_dir='',
        split='ImageSets/test.txt',
        pipeline=[
            dict(type='LoadImageFromFile'),
            dict(
                type='MultiScaleFlipAug',
                img_scale=(2048, 320),
                flip=False,
                transforms=[
                    dict(
                        type='NormalizeBSDSTest',
                        mean=[0.485, 0.456, 0.406],
                        std=[0.229, 0.224, 0.225],
                        to_rgb=True),
                    dict(type='Collect', keys=['img'])
                ])
        ]))
log_config = dict(
    interval=20, hooks=[dict(type='TextLoggerHook', by_epoch=False)])
dist_params = dict(backend='nccl')
log_level = 'INFO'
load_from = None
resume_from = None
workflow = [('train', 1)]
cudnn_benchmark = True
optimizer = dict(
    type='SGD',
    lr=1e-06,
    momentum=0.9,
    weight_decay=0.0002,
    paramwise_cfg=dict(custom_keys=dict(head=dict(lr_mult=10.0))))
optimizer_config = dict()
lr_config = dict(policy='poly', power=0.9, min_lr=1e-08, by_epoch=False)
total_iters = 80000
checkpoint_config = dict(by_epoch=False, interval=20000)
evaluation = dict(interval=20000, metric='mIoU')
find_unused_parameters = True
work_dir = '../result'
gpu_ids = range(0, 1)

